[2025-06-19T23:37:13.177+0000] {local_task_job_runner.py:120} INFO - ::group::Pre task execution logs
[2025-06-19T23:37:13.206+0000] {taskinstance.py:2076} INFO - Dependencies all met for dep_context=non-requeueable deps ti=<TaskInstance: beer_pipeline.gerar_gold scheduled__2025-06-18T00:00:00+00:00 [queued]>
[2025-06-19T23:37:13.214+0000] {taskinstance.py:2076} INFO - Dependencies all met for dep_context=requeueable deps ti=<TaskInstance: beer_pipeline.gerar_gold scheduled__2025-06-18T00:00:00+00:00 [queued]>
[2025-06-19T23:37:13.215+0000] {taskinstance.py:2306} INFO - Starting attempt 1 of 3
[2025-06-19T23:37:13.230+0000] {taskinstance.py:2330} INFO - Executing <Task(PythonOperator): gerar_gold> on 2025-06-18 00:00:00+00:00
[2025-06-19T23:37:13.238+0000] {standard_task_runner.py:90} INFO - Running: ['***', 'tasks', 'run', 'beer_pipeline', 'gerar_gold', 'scheduled__2025-06-18T00:00:00+00:00', '--job-id', '37', '--raw', '--subdir', 'DAGS_FOLDER/beer_dag.py', '--cfg-path', '/tmp/tmpzv_l_gfc']
[2025-06-19T23:37:13.239+0000] {logging_mixin.py:188} WARNING - /home/***/.local/lib/python3.12/site-packages/***/task/task_runner/standard_task_runner.py:61 DeprecationWarning: This process (pid=84) is multi-threaded, use of fork() may lead to deadlocks in the child.
[2025-06-19T23:37:13.241+0000] {standard_task_runner.py:91} INFO - Job 37: Subtask gerar_gold
[2025-06-19T23:37:13.242+0000] {standard_task_runner.py:63} INFO - Started process 93 to run task
[2025-06-19T23:37:13.259+0000] {logging_mixin.py:188} WARNING - /home/***/.local/lib/python3.12/site-packages/***/settings.py:195 DeprecationWarning: The sql_alchemy_conn option in [core] has been moved to the sql_alchemy_conn option in [database] - the old setting has been used, but please update your config.
[2025-06-19T23:37:13.313+0000] {task_command.py:426} INFO - Running <TaskInstance: beer_pipeline.gerar_gold scheduled__2025-06-18T00:00:00+00:00 [running]> on host b50caf24fc7a
[2025-06-19T23:37:13.391+0000] {taskinstance.py:2648} INFO - Exporting env vars: AIRFLOW_CTX_DAG_EMAIL='lucasfilip54@gmail.com' AIRFLOW_CTX_DAG_OWNER='lucascarvalho' AIRFLOW_CTX_DAG_ID='beer_pipeline' AIRFLOW_CTX_TASK_ID='gerar_gold' AIRFLOW_CTX_EXECUTION_DATE='2025-06-18T00:00:00+00:00' AIRFLOW_CTX_TRY_NUMBER='1' AIRFLOW_CTX_DAG_RUN_ID='scheduled__2025-06-18T00:00:00+00:00'
[2025-06-19T23:37:13.392+0000] {taskinstance.py:430} INFO - ::endgroup::
[2025-06-19T23:37:13.774+0000] {logging_mixin.py:188} INFO - Agregações salvas na Gold.
[2025-06-19T23:37:13.775+0000] {python.py:237} INFO - Done. Returned value was: None
[2025-06-19T23:37:13.775+0000] {taskinstance.py:441} INFO - ::group::Post task execution logs
[2025-06-19T23:37:13.787+0000] {taskinstance.py:1206} INFO - Marking task as SUCCESS. dag_id=beer_pipeline, task_id=gerar_gold, run_id=scheduled__2025-06-18T00:00:00+00:00, execution_date=20250618T000000, start_date=20250619T233713, end_date=20250619T233713
[2025-06-19T23:37:13.818+0000] {local_task_job_runner.py:240} INFO - Task exited with return code 0
[2025-06-19T23:37:13.838+0000] {taskinstance.py:3498} INFO - 0 downstream tasks scheduled from follow-on schedule check
[2025-06-19T23:37:13.841+0000] {local_task_job_runner.py:222} INFO - ::endgroup::
