[2025-06-20T00:00:26.213+0000] {local_task_job_runner.py:120} INFO - ::group::Pre task execution logs
[2025-06-20T00:00:26.248+0000] {taskinstance.py:2076} INFO - Dependencies all met for dep_context=non-requeueable deps ti=<TaskInstance: beer_pipeline.gerar_gold scheduled__2025-06-19T00:00:00+00:00 [queued]>
[2025-06-20T00:00:26.260+0000] {taskinstance.py:2076} INFO - Dependencies all met for dep_context=requeueable deps ti=<TaskInstance: beer_pipeline.gerar_gold scheduled__2025-06-19T00:00:00+00:00 [queued]>
[2025-06-20T00:00:26.261+0000] {taskinstance.py:2306} INFO - Starting attempt 1 of 3
[2025-06-20T00:00:26.277+0000] {taskinstance.py:2330} INFO - Executing <Task(PythonOperator): gerar_gold> on 2025-06-19 00:00:00+00:00
[2025-06-20T00:00:26.288+0000] {logging_mixin.py:188} WARNING - /home/***/.local/lib/python3.12/site-packages/***/task/task_runner/standard_task_runner.py:61 DeprecationWarning: This process (pid=242) is multi-threaded, use of fork() may lead to deadlocks in the child.
[2025-06-20T00:00:26.290+0000] {standard_task_runner.py:63} INFO - Started process 251 to run task
[2025-06-20T00:00:26.288+0000] {standard_task_runner.py:90} INFO - Running: ['***', 'tasks', 'run', 'beer_pipeline', 'gerar_gold', 'scheduled__2025-06-19T00:00:00+00:00', '--job-id', '41', '--raw', '--subdir', 'DAGS_FOLDER/beer_dag.py', '--cfg-path', '/tmp/tmpo2pz9vvi']
[2025-06-20T00:00:26.291+0000] {standard_task_runner.py:91} INFO - Job 41: Subtask gerar_gold
[2025-06-20T00:00:26.313+0000] {logging_mixin.py:188} WARNING - /home/***/.local/lib/python3.12/site-packages/***/settings.py:195 DeprecationWarning: The sql_alchemy_conn option in [core] has been moved to the sql_alchemy_conn option in [database] - the old setting has been used, but please update your config.
[2025-06-20T00:00:26.383+0000] {task_command.py:426} INFO - Running <TaskInstance: beer_pipeline.gerar_gold scheduled__2025-06-19T00:00:00+00:00 [running]> on host b50caf24fc7a
[2025-06-20T00:00:26.511+0000] {taskinstance.py:2648} INFO - Exporting env vars: AIRFLOW_CTX_DAG_EMAIL='lucasfilip54@gmail.com' AIRFLOW_CTX_DAG_OWNER='lucascarvalho' AIRFLOW_CTX_DAG_ID='beer_pipeline' AIRFLOW_CTX_TASK_ID='gerar_gold' AIRFLOW_CTX_EXECUTION_DATE='2025-06-19T00:00:00+00:00' AIRFLOW_CTX_TRY_NUMBER='1' AIRFLOW_CTX_DAG_RUN_ID='scheduled__2025-06-19T00:00:00+00:00'
[2025-06-20T00:00:26.514+0000] {taskinstance.py:430} INFO - ::endgroup::
[2025-06-20T00:00:26.995+0000] {logging_mixin.py:188} INFO - Agregações salvas na Gold.
[2025-06-20T00:00:26.997+0000] {python.py:237} INFO - Done. Returned value was: None
[2025-06-20T00:00:26.998+0000] {taskinstance.py:441} INFO - ::group::Post task execution logs
[2025-06-20T00:00:27.017+0000] {taskinstance.py:1206} INFO - Marking task as SUCCESS. dag_id=beer_pipeline, task_id=gerar_gold, run_id=scheduled__2025-06-19T00:00:00+00:00, execution_date=20250619T000000, start_date=20250620T000026, end_date=20250620T000027
[2025-06-20T00:00:27.069+0000] {local_task_job_runner.py:240} INFO - Task exited with return code 0
[2025-06-20T00:00:27.090+0000] {taskinstance.py:3498} INFO - 0 downstream tasks scheduled from follow-on schedule check
[2025-06-20T00:00:27.092+0000] {local_task_job_runner.py:222} INFO - ::endgroup::
[2025-06-20T03:21:20.943+0000] {local_task_job_runner.py:120} INFO - ::group::Pre task execution logs
[2025-06-20T03:21:20.973+0000] {taskinstance.py:2076} INFO - Dependencies all met for dep_context=non-requeueable deps ti=<TaskInstance: beer_pipeline.gerar_gold scheduled__2025-06-19T00:00:00+00:00 [queued]>
[2025-06-20T03:21:20.982+0000] {taskinstance.py:2076} INFO - Dependencies all met for dep_context=requeueable deps ti=<TaskInstance: beer_pipeline.gerar_gold scheduled__2025-06-19T00:00:00+00:00 [queued]>
[2025-06-20T03:21:20.983+0000] {taskinstance.py:2306} INFO - Starting attempt 1 of 3
[2025-06-20T03:21:20.998+0000] {taskinstance.py:2330} INFO - Executing <Task(PythonOperator): gerar_gold> on 2025-06-19 00:00:00+00:00
[2025-06-20T03:21:21.008+0000] {logging_mixin.py:188} WARNING - /home/***/.local/lib/python3.12/site-packages/***/task/task_runner/standard_task_runner.py:61 DeprecationWarning: This process (pid=229) is multi-threaded, use of fork() may lead to deadlocks in the child.
[2025-06-20T03:21:21.011+0000] {standard_task_runner.py:63} INFO - Started process 238 to run task
[2025-06-20T03:21:21.008+0000] {standard_task_runner.py:90} INFO - Running: ['***', 'tasks', 'run', 'beer_pipeline', 'gerar_gold', 'scheduled__2025-06-19T00:00:00+00:00', '--job-id', '15', '--raw', '--subdir', 'DAGS_FOLDER/beer_dag.py', '--cfg-path', '/tmp/tmpd5_spo5w']
[2025-06-20T03:21:21.012+0000] {standard_task_runner.py:91} INFO - Job 15: Subtask gerar_gold
[2025-06-20T03:21:21.031+0000] {logging_mixin.py:188} WARNING - /home/***/.local/lib/python3.12/site-packages/***/settings.py:195 DeprecationWarning: The sql_alchemy_conn option in [core] has been moved to the sql_alchemy_conn option in [database] - the old setting has been used, but please update your config.
[2025-06-20T03:21:21.095+0000] {task_command.py:426} INFO - Running <TaskInstance: beer_pipeline.gerar_gold scheduled__2025-06-19T00:00:00+00:00 [running]> on host a13c0f0986f3
[2025-06-20T03:21:21.195+0000] {taskinstance.py:2648} INFO - Exporting env vars: AIRFLOW_CTX_DAG_EMAIL='lucasfilip54@gmail.com' AIRFLOW_CTX_DAG_OWNER='lucascarvalho' AIRFLOW_CTX_DAG_ID='beer_pipeline' AIRFLOW_CTX_TASK_ID='gerar_gold' AIRFLOW_CTX_EXECUTION_DATE='2025-06-19T00:00:00+00:00' AIRFLOW_CTX_TRY_NUMBER='1' AIRFLOW_CTX_DAG_RUN_ID='scheduled__2025-06-19T00:00:00+00:00'
[2025-06-20T03:21:21.197+0000] {taskinstance.py:430} INFO - ::endgroup::
[2025-06-20T03:21:21.633+0000] {logging_mixin.py:188} INFO - Agregações salvas na Gold.
[2025-06-20T03:21:21.634+0000] {python.py:237} INFO - Done. Returned value was: None
[2025-06-20T03:21:21.635+0000] {taskinstance.py:441} INFO - ::group::Post task execution logs
[2025-06-20T03:21:21.646+0000] {taskinstance.py:1206} INFO - Marking task as SUCCESS. dag_id=beer_pipeline, task_id=gerar_gold, run_id=scheduled__2025-06-19T00:00:00+00:00, execution_date=20250619T000000, start_date=20250620T032120, end_date=20250620T032121
[2025-06-20T03:21:21.668+0000] {local_task_job_runner.py:240} INFO - Task exited with return code 0
[2025-06-20T03:21:21.686+0000] {taskinstance.py:3498} INFO - 0 downstream tasks scheduled from follow-on schedule check
[2025-06-20T03:21:21.688+0000] {local_task_job_runner.py:222} INFO - ::endgroup::
