[2025-06-20T01:24:11.234+0000] {local_task_job_runner.py:120} INFO - ::group::Pre task execution logs
[2025-06-20T01:24:11.265+0000] {taskinstance.py:2076} INFO - Dependencies all met for dep_context=non-requeueable deps ti=<TaskInstance: beer_pipeline.gerar_gold manual__2025-06-20T01:23:51.457183+00:00 [queued]>
[2025-06-20T01:24:11.276+0000] {taskinstance.py:2076} INFO - Dependencies all met for dep_context=requeueable deps ti=<TaskInstance: beer_pipeline.gerar_gold manual__2025-06-20T01:23:51.457183+00:00 [queued]>
[2025-06-20T01:24:11.278+0000] {taskinstance.py:2306} INFO - Starting attempt 1 of 3
[2025-06-20T01:24:11.291+0000] {taskinstance.py:2330} INFO - Executing <Task(PythonOperator): gerar_gold> on 2025-06-20 01:23:51.457183+00:00
[2025-06-20T01:24:11.300+0000] {logging_mixin.py:188} WARNING - /home/***/.local/lib/python3.12/site-packages/***/task/task_runner/standard_task_runner.py:61 DeprecationWarning: This process (pid=637) is multi-threaded, use of fork() may lead to deadlocks in the child.
[2025-06-20T01:24:11.300+0000] {standard_task_runner.py:90} INFO - Running: ['***', 'tasks', 'run', 'beer_pipeline', 'gerar_gold', 'manual__2025-06-20T01:23:51.457183+00:00', '--job-id', '45', '--raw', '--subdir', 'DAGS_FOLDER/beer_dag.py', '--cfg-path', '/tmp/tmplwg7vs00']
[2025-06-20T01:24:11.302+0000] {standard_task_runner.py:63} INFO - Started process 646 to run task
[2025-06-20T01:24:11.303+0000] {standard_task_runner.py:91} INFO - Job 45: Subtask gerar_gold
[2025-06-20T01:24:11.320+0000] {logging_mixin.py:188} WARNING - /home/***/.local/lib/python3.12/site-packages/***/settings.py:195 DeprecationWarning: The sql_alchemy_conn option in [core] has been moved to the sql_alchemy_conn option in [database] - the old setting has been used, but please update your config.
[2025-06-20T01:24:11.376+0000] {task_command.py:426} INFO - Running <TaskInstance: beer_pipeline.gerar_gold manual__2025-06-20T01:23:51.457183+00:00 [running]> on host b50caf24fc7a
[2025-06-20T01:24:11.497+0000] {taskinstance.py:2648} INFO - Exporting env vars: AIRFLOW_CTX_DAG_EMAIL='lucasfilip54@gmail.com' AIRFLOW_CTX_DAG_OWNER='lucascarvalho' AIRFLOW_CTX_DAG_ID='beer_pipeline' AIRFLOW_CTX_TASK_ID='gerar_gold' AIRFLOW_CTX_EXECUTION_DATE='2025-06-20T01:23:51.457183+00:00' AIRFLOW_CTX_TRY_NUMBER='1' AIRFLOW_CTX_DAG_RUN_ID='manual__2025-06-20T01:23:51.457183+00:00'
[2025-06-20T01:24:11.499+0000] {taskinstance.py:430} INFO - ::endgroup::
[2025-06-20T01:24:12.066+0000] {logging_mixin.py:188} INFO - Agregações salvas na Gold.
[2025-06-20T01:24:12.067+0000] {python.py:237} INFO - Done. Returned value was: None
[2025-06-20T01:24:12.067+0000] {taskinstance.py:441} INFO - ::group::Post task execution logs
[2025-06-20T01:24:12.081+0000] {taskinstance.py:1206} INFO - Marking task as SUCCESS. dag_id=beer_pipeline, task_id=gerar_gold, run_id=manual__2025-06-20T01:23:51.457183+00:00, execution_date=20250620T012351, start_date=20250620T012411, end_date=20250620T012412
[2025-06-20T01:24:12.120+0000] {local_task_job_runner.py:240} INFO - Task exited with return code 0
[2025-06-20T01:24:12.142+0000] {taskinstance.py:3498} INFO - 0 downstream tasks scheduled from follow-on schedule check
[2025-06-20T01:24:12.145+0000] {local_task_job_runner.py:222} INFO - ::endgroup::
