[2025-06-19T23:36:55.267+0000] {local_task_job_runner.py:120} INFO - ::group::Pre task execution logs
[2025-06-19T23:36:55.299+0000] {taskinstance.py:2076} INFO - Dependencies all met for dep_context=non-requeueable deps ti=<TaskInstance: beer_pipeline.extrair_bronze scheduled__2025-06-18T00:00:00+00:00 [queued]>
[2025-06-19T23:36:55.309+0000] {taskinstance.py:2076} INFO - Dependencies all met for dep_context=requeueable deps ti=<TaskInstance: beer_pipeline.extrair_bronze scheduled__2025-06-18T00:00:00+00:00 [queued]>
[2025-06-19T23:36:55.310+0000] {taskinstance.py:2306} INFO - Starting attempt 1 of 3
[2025-06-19T23:36:55.324+0000] {taskinstance.py:2330} INFO - Executing <Task(PythonOperator): extrair_bronze> on 2025-06-18 00:00:00+00:00
[2025-06-19T23:36:55.335+0000] {logging_mixin.py:188} WARNING - /home/***/.local/lib/python3.12/site-packages/***/task/task_runner/standard_task_runner.py:61 DeprecationWarning: This process (pid=36) is multi-threaded, use of fork() may lead to deadlocks in the child.
[2025-06-19T23:36:55.333+0000] {standard_task_runner.py:90} INFO - Running: ['***', 'tasks', 'run', 'beer_pipeline', 'extrair_bronze', 'scheduled__2025-06-18T00:00:00+00:00', '--job-id', '34', '--raw', '--subdir', 'DAGS_FOLDER/beer_dag.py', '--cfg-path', '/tmp/tmpwx83prvx']
[2025-06-19T23:36:55.337+0000] {standard_task_runner.py:63} INFO - Started process 45 to run task
[2025-06-19T23:36:55.337+0000] {standard_task_runner.py:91} INFO - Job 34: Subtask extrair_bronze
[2025-06-19T23:36:55.356+0000] {logging_mixin.py:188} WARNING - /home/***/.local/lib/python3.12/site-packages/***/settings.py:195 DeprecationWarning: The sql_alchemy_conn option in [core] has been moved to the sql_alchemy_conn option in [database] - the old setting has been used, but please update your config.
[2025-06-19T23:36:55.412+0000] {task_command.py:426} INFO - Running <TaskInstance: beer_pipeline.extrair_bronze scheduled__2025-06-18T00:00:00+00:00 [running]> on host b50caf24fc7a
[2025-06-19T23:36:55.500+0000] {taskinstance.py:2648} INFO - Exporting env vars: AIRFLOW_CTX_DAG_EMAIL='lucasfilip54@gmail.com' AIRFLOW_CTX_DAG_OWNER='lucascarvalho' AIRFLOW_CTX_DAG_ID='beer_pipeline' AIRFLOW_CTX_TASK_ID='extrair_bronze' AIRFLOW_CTX_EXECUTION_DATE='2025-06-18T00:00:00+00:00' AIRFLOW_CTX_TRY_NUMBER='1' AIRFLOW_CTX_DAG_RUN_ID='scheduled__2025-06-18T00:00:00+00:00'
[2025-06-19T23:36:55.502+0000] {taskinstance.py:430} INFO - ::endgroup::
[2025-06-19T23:36:56.433+0000] {logging_mixin.py:188} INFO -  Dados salvos em: /opt/***/data/bronze/breweries_2025-06-19.json
[2025-06-19T23:36:56.435+0000] {python.py:237} INFO - Done. Returned value was: None
[2025-06-19T23:36:56.436+0000] {taskinstance.py:441} INFO - ::group::Post task execution logs
[2025-06-19T23:36:56.446+0000] {taskinstance.py:1206} INFO - Marking task as SUCCESS. dag_id=beer_pipeline, task_id=extrair_bronze, run_id=scheduled__2025-06-18T00:00:00+00:00, execution_date=20250618T000000, start_date=20250619T233655, end_date=20250619T233656
[2025-06-19T23:36:56.478+0000] {local_task_job_runner.py:240} INFO - Task exited with return code 0
[2025-06-19T23:36:56.502+0000] {taskinstance.py:3498} INFO - 1 downstream tasks scheduled from follow-on schedule check
[2025-06-19T23:36:56.504+0000] {local_task_job_runner.py:222} INFO - ::endgroup::
